Vivado Simulator v2022.2
Copyright 1986-1999, 2001-2022 Xilinx, Inc. All Rights Reserved.
Running: D:/Xilinx/Vivado/2022.2/bin/unwrapped/win64.o/xelab.exe --incr --debug typical --relax --mt 2 -L xil_defaultlib -L secureip --snapshot NORMALIZER_TB_behav xil_defaultlib.NORMALIZER_TB -log elaborate.log 
Using 2 slave threads.
Starting static elaboration
Completed static elaboration
Starting simulation data flow analysis
Completed simulation data flow analysis
Time Resolution for simulation is 1ps
Compiling package std.standard
Compiling package std.textio
Compiling package ieee.std_logic_1164
Compiling package ieee.numeric_std
Compiling package synopsys.attributes
Compiling package ieee.std_logic_misc
Compiling architecture dataflw of entity xil_defaultlib.MUX_2 [\MUX_2(data_width=256)\]
Compiling architecture dataflw of entity xil_defaultlib.MUX_2 [\MUX_2(data_width=2)\]
Compiling architecture behavioral of entity xil_defaultlib.BIT_POS [\BIT_POS(data_width=4,output_wid...]
Compiling architecture dataflw of entity xil_defaultlib.MUX_2 [\MUX_2(data_width=4)\]
Compiling architecture behavioral of entity xil_defaultlib.BIT_POS [\BIT_POS(data_width=8,output_wid...]
Compiling architecture dataflw of entity xil_defaultlib.MUX_2 [\MUX_2(data_width=8)\]
Compiling architecture behavioral of entity xil_defaultlib.BIT_POS [\BIT_POS(data_width=16,output_wi...]
Compiling architecture dataflw of entity xil_defaultlib.MUX_2 [\MUX_2(data_width=16)\]
Compiling architecture behavioral of entity xil_defaultlib.BIT_POS [\BIT_POS(data_width=32,output_wi...]
Compiling architecture dataflw of entity xil_defaultlib.MUX_2 [\MUX_2(data_width=32)\]
Compiling architecture behavioral of entity xil_defaultlib.BIT_POS [\BIT_POS(data_width=64,output_wi...]
Compiling architecture dataflw of entity xil_defaultlib.MUX_2 [mux_2_default]
Compiling architecture behavioral of entity xil_defaultlib.BIT_POS [\BIT_POS(data_width=128,output_w...]
Compiling architecture dataflw of entity xil_defaultlib.MUX_2 [\MUX_2(data_width=128)\]
Compiling architecture behavioral of entity xil_defaultlib.BIT_POS [bit_pos_default]
Compiling architecture behavioral of entity xil_defaultlib.NORMALIZER [normalizer_default]
Compiling architecture behavioral of entity xil_defaultlib.normalizer_tb
Built simulation snapshot NORMALIZER_TB_behav
